<?xml version="1.0" encoding="UTF-8"?>
<!-- Generated by org.testng.reporters.JUnitReportReporter -->
<testsuite hostname="DESKTOP-BAKHCIT" failures="0" tests="1" name="Suitfile.Test2" time="0.000" errors="0" timestamp="2024-03-25T12:23:46 GMT" skipped="0">
  <testcase classname="Suitfile.Test2" name="two" time="0.000"/>
</testsuite> <!-- Suitfile.Test2 -->
