<?xml version="1.0" encoding="UTF-8"?>
<!-- Generated by org.testng.reporters.JUnitReportReporter -->
<testsuite hostname="DESKTOP-BAKHCIT" failures="0" tests="2" name="Suitfile.Test1" time="0.007" errors="0" timestamp="2024-03-25T12:23:46 GMT" skipped="0">
  <testcase classname="Suitfile.Test1" name="one" time="0.004"/>
  <testcase classname="Suitfile.Test1" name="two" time="0.003"/>
</testsuite> <!-- Suitfile.Test1 -->
